<?xml version="1.0" encoding="UTF-8"?>
<testsuites name="newwwww" time="25.357" tests="1" failures="0" errors="0">
   <testsuite name="newwwww" tests="1" failures="0" errors="0" time="25.357" skipped="0" timestamp="2023-04-17 21:27:12" hostname="mkim - C1HXRG3" id="Test Suites/newwwww">
      <properties>
         <property name="deviceName" value=""/>
         <property name="devicePlatform" value=""/>
         <property name="logFolder" value="C:\\Users\\mkim\\git\\katalonvisualtestingdsfsdf\\Reports\\20230417_212703\\newwwww\\20230417_212704"/>
         <property name="logFiles" value="C:\\Users\\mkim\\git\\katalonvisualtestingdsfsdf\\Reports\\20230417_212703\\newwwww\\20230417_212704\\execution0.log"/>
         <property name="attachments" value=""/>
         <property name="hostName" value="mkim - C1HXRG3"/>
         <property name="os" value="Windows 10 64bit"/>
         <property name="katalonVersion" value="8.6.0.208"/>
         <property name="browser" value="Chrome 112.0.0.0"/>
         <property name="hostAddress" value="192.168.0.220"/>
         <property name="sessionId" value="8a50b53a4a8c5d0deba994d1c7fc7484"/>
         <property name="seleniumVersion" value="3.141.59"/>
         <property name="proxyInformation" value="ProxyInformation { proxyOption=NO_PROXY, proxyServerType=HTTP, username=, password=********, proxyServerAddress=, proxyServerPort=0, executionList=&quot;&quot;, isApplyToDesiredCapabilities=true }"/>
         <property name="platform" value="Windows 10"/>
      </properties>
      <testcase name="Test Cases/reports" time="25.109" classname="Test Cases/reports" status="PASSED">
         <system-out><![CDATA[2023-04-17 21:27:12 - [TEST_CASE][PASSED] - Test Cases/reports: Test Cases/reports

2023-04-17 21:27:12 - [TEST_STEP][PASSED] - openBrowser(""): Browser is opened with url: ''

2023-04-17 21:27:13 - [MESSAGE][INFO] - Starting 'Chrome' driver

2023-04-17 21:27:13 - [MESSAGE][INFO] - Action delay is set to 0 milliseconds

2023-04-17 21:27:15 - [MESSAGE][PASSED] - Browser is opened with url: ''

2023-04-17 21:27:15 - [TEST_STEP][PASSED] - navigateToUrl("https://lightning.app.solverglobal.com/"): Navigate to 'https://lightning.app.solverglobal.com/' successfully

2023-04-17 21:27:16 - [MESSAGE][PASSED] - Navigate to 'https://lightning.app.solverglobal.com/' successfully

2023-04-17 21:27:16 - [TEST_STEP][PASSED] - setText(findTestObject("Object Repository/Page_Solver/input_Email_email"), "mkim@solverglobal.com"): Text 'mkim@solverglobal.com' is set on object 'Object Repository/Page_Solver/input_Email_email'

2023-04-17 21:27:19 - [MESSAGE][PASSED] - Text 'mkim@solverglobal.com' is set on object 'Object Repository/Page_Solver/input_Email_email'

2023-04-17 21:27:19 - [TEST_STEP][PASSED] - click(findTestObject("Object Repository/Page_Solver/ng-transclude_Next")): Object: 'Object Repository/Page_Solver/ng-transclude_Next' is clicked on

2023-04-17 21:27:19 - [MESSAGE][PASSED] - Object: 'Object Repository/Page_Solver/ng-transclude_Next' is clicked on

2023-04-17 21:27:19 - [TEST_STEP][PASSED] - waitForElementPresent(findTestObject("Object Repository/Page_Solver/input_Password_model.Password"), 0): Object 'Object Repository/Page_Solver/input_Password_model.Password' is present

2023-04-17 21:27:19 - [MESSAGE][WARNING] - Timeout '0' is invalid. Using default page load timeout: '30'

2023-04-17 21:27:20 - [MESSAGE][PASSED] - Object 'Object Repository/Page_Solver/input_Password_model.Password' is present

2023-04-17 21:27:20 - [TEST_STEP][PASSED] - setEncryptedText(findTestObject("Object Repository/Page_Solver/input_Password_model.Password"), "nBAqZCBhT5nQHzNSyI4ifQ=="): Text ****** has been set on object 'Object Repository/Page_Solver/input_Password_model.Password'

2023-04-17 21:27:20 - [MESSAGE][PASSED] - Text ****** has been set on object 'Object Repository/Page_Solver/input_Password_model.Password'

2023-04-17 21:27:20 - [TEST_STEP][PASSED] - click(findTestObject("Object Repository/Page_Solver/span_Sign in")): Object: 'Object Repository/Page_Solver/span_Sign in' is clicked on

2023-04-17 21:27:21 - [MESSAGE][PASSED] - Object: 'Object Repository/Page_Solver/span_Sign in' is clicked on

2023-04-17 21:27:21 - [TEST_STEP][PASSED] - waitForElementClickable(findTestObject("Page_Home - Solver/div_Report Templates"), 0): Object 'Object Repository/Page_Home - Solver/div_Report Templates' is clickable

2023-04-17 21:27:21 - [MESSAGE][WARNING] - Timeout '0' is invalid. Using default page load timeout: '30'

2023-04-17 21:27:26 - [MESSAGE][INFO] - Unable to find the element located by 'By.xpath: //a[@id='anchor_af80fffc-c5d7-4d3b-a77e-46ba52b778a3']/div'. Please recheck the objects properties to make sure the desired element is located. 

2023-04-17 21:27:26 - [MESSAGE][WARNING] - [SELF-HEALING] Failed to find element with id 'Object Repository/Page_Home - Solver/div_Report Templates'. Try using Self-healing.

2023-04-17 21:27:26 - [MESSAGE][INFO] - [SELF-HEALING] Failed Locator: '//a[@id='anchor_af80fffc-c5d7-4d3b-a77e-46ba52b778a3']/div'.

2023-04-17 21:27:26 - [MESSAGE][INFO] - [SELF-HEALING] Working Locator: '(.//*[normalize-space(text()) and normalize-space(.)='Report Templates'])[1]/following::div[1]'.

2023-04-17 21:27:26 - [MESSAGE][INFO] - [SELF-HEALING] Screenshot: C:/Users/mkim/git/katalonvisualtestingdsfsdf/Reports/Self-healing/Object Repository/Page_Home - Solver/div_Report Templates_neighbor.png

2023-04-17 21:27:26 - [MESSAGE][WARNING] - [SELF-HEALING] The current locator of test object 'Object Repository/Page_Home - Solver/div_Report Templates' was broken. Propose an alternative one: '(.//*[normalize-space(text()) and normalize-space(.)='Report Templates'])[1]/following::div[1]'.

2023-04-17 21:27:26 - [MESSAGE][PASSED] - Object 'Object Repository/Page_Home - Solver/div_Report Templates' is clickable

2023-04-17 21:27:26 - [TEST_STEP][PASSED] - verifyElementClickable(findTestObject("Object Repository/Page_Home - Solver/div_Report Templates")): Object 'Object Repository/Page_Home - Solver/div_Report Templates' is clickable

2023-04-17 21:27:28 - [MESSAGE][INFO] - Unable to find the element located by 'By.xpath: //a[@id='anchor_af80fffc-c5d7-4d3b-a77e-46ba52b778a3']/div'. Please recheck the objects properties to make sure the desired element is located. 

2023-04-17 21:27:28 - [MESSAGE][WARNING] - [SELF-HEALING] Failed to find element with id 'Object Repository/Page_Home - Solver/div_Report Templates'. Try using Self-healing.

2023-04-17 21:27:28 - [MESSAGE][WARNING] - [SELF-HEALING] The current locator of test object 'Object Repository/Page_Home - Solver/div_Report Templates' was broken. Propose an alternative one: '(.//*[normalize-space(text()) and normalize-space(.)='Report Templates'])[1]/following::div[1]'.

2023-04-17 21:27:28 - [MESSAGE][PASSED] - Object 'Object Repository/Page_Home - Solver/div_Report Templates' is clickable

2023-04-17 21:27:28 - [TEST_STEP][PASSED] - click(findTestObject("Object Repository/Page_Home - Solver/div_Report Templates")): Object: 'Object Repository/Page_Home - Solver/div_Report Templates' is clicked on

2023-04-17 21:27:29 - [MESSAGE][INFO] - Unable to find the element located by 'By.xpath: //a[@id='anchor_af80fffc-c5d7-4d3b-a77e-46ba52b778a3']/div'. Please recheck the objects properties to make sure the desired element is located. 

2023-04-17 21:27:29 - [MESSAGE][WARNING] - [SELF-HEALING] Failed to find element with id 'Object Repository/Page_Home - Solver/div_Report Templates'. Try using Self-healing.

2023-04-17 21:27:29 - [MESSAGE][WARNING] - [SELF-HEALING] The current locator of test object 'Object Repository/Page_Home - Solver/div_Report Templates' was broken. Propose an alternative one: '(.//*[normalize-space(text()) and normalize-space(.)='Report Templates'])[1]/following::div[1]'.

2023-04-17 21:27:29 - [MESSAGE][PASSED] - Object: 'Object Repository/Page_Home - Solver/div_Report Templates' is clicked on

2023-04-17 21:27:29 - [TEST_STEP][PASSED] - waitForElementPresent(findTestObject("Object Repository/Page_Report Templates - Solver/span_New"), 0): Object 'Object Repository/Page_Report Templates - Solver/span_New' is present

2023-04-17 21:27:29 - [MESSAGE][WARNING] - Timeout '0' is invalid. Using default page load timeout: '30'

2023-04-17 21:27:33 - [MESSAGE][PASSED] - Object 'Object Repository/Page_Report Templates - Solver/span_New' is present

2023-04-17 21:27:33 - [TEST_STEP][PASSED] - verifyElementClickable(findTestObject("Object Repository/Page_Report Templates - Solver/span_Mindy_Demo")): Object 'Object Repository/Page_Report Templates - Solver/span_Mindy_Demo' is clickable

2023-04-17 21:27:33 - [MESSAGE][PASSED] - Object 'Object Repository/Page_Report Templates - Solver/span_Mindy_Demo' is clickable

2023-04-17 21:27:33 - [TEST_STEP][PASSED] - click(findTestObject("Object Repository/Page_Report Templates - Solver/span_Mindy_Demo")): Object: 'Object Repository/Page_Report Templates - Solver/span_Mindy_Demo' is clicked on

2023-04-17 21:27:34 - [MESSAGE][PASSED] - Object: 'Object Repository/Page_Report Templates - Solver/span_Mindy_Demo' is clicked on

2023-04-17 21:27:34 - [TEST_STEP][PASSED] - verifyElementClickable(findTestObject("Object Repository/Page_Mindy_Demo - Solver/button_Run")): Object 'Object Repository/Page_Mindy_Demo - Solver/button_Run' is clickable

2023-04-17 21:27:37 - [MESSAGE][PASSED] - Object 'Object Repository/Page_Mindy_Demo - Solver/button_Run' is clickable

2023-04-17 21:27:37 - [TEST_STEP][PASSED] - click(findTestObject("Object Repository/Page_Mindy_Demo - Solver/ng-transclude_Run")): Object: 'Object Repository/Page_Mindy_Demo - Solver/ng-transclude_Run' is clicked on

2023-04-17 21:27:37 - [MESSAGE][PASSED] - Object: 'Object Repository/Page_Mindy_Demo - Solver/ng-transclude_Run' is clicked on]]></system-out>
         <system-err><![CDATA[]]></system-err>
      </testcase>
      <system-out><![CDATA[2023-04-17 21:27:12 - [TEST_SUITE][PASSED] - newwwww: Test Cases/reports]]></system-out>
      <system-err><![CDATA[]]></system-err>
   </testsuite>
</testsuites>
