<?xml version="1.0" encoding="UTF-8"?>
<testsuites name="new" time="8.911" tests="1" failures="0" errors="0">
   <testsuite name="new" tests="1" failures="0" errors="0" time="8.911" skipped="0" timestamp="2023-04-17 21:03:49" hostname="mkim - C1HXRG3" id="Test Suites/new">
      <properties>
         <property name="deviceName" value=""/>
         <property name="devicePlatform" value=""/>
         <property name="logFolder" value="C:\\Users\\mkim\\git\\katalonvisualtestingdsfsdf\\Reports\\20230417_210342\\new\\20230417_210343"/>
         <property name="logFiles" value="C:\\Users\\mkim\\git\\katalonvisualtestingdsfsdf\\Reports\\20230417_210342\\new\\20230417_210343\\execution0.log"/>
         <property name="attachments" value="keyes\keyes-homepage.png"/>
         <property name="hostName" value="mkim - C1HXRG3"/>
         <property name="os" value="Windows 10 64bit"/>
         <property name="katalonVersion" value="8.6.0.208"/>
         <property name="browser" value="Chrome 112.0.0.0"/>
         <property name="hostAddress" value="192.168.0.220"/>
         <property name="sessionId" value="c39d9cd8ad349a84638b37a4e522f130"/>
         <property name="seleniumVersion" value="3.141.59"/>
         <property name="proxyInformation" value="ProxyInformation { proxyOption=NO_PROXY, proxyServerType=HTTP, username=, password=********, proxyServerAddress=, proxyServerPort=0, executionList=&quot;&quot;, isApplyToDesiredCapabilities=true }"/>
         <property name="platform" value="Windows 10"/>
      </properties>
      <testcase name="Test Cases/screenshotpls" time="8.659" classname="Test Cases/screenshotpls" status="PASSED">
         <system-out><![CDATA[2023-04-17 21:03:50 - [TEST_CASE][PASSED] - Test Cases/screenshotpls: Test Cases/screenshotpls

2023-04-17 21:03:50 - [TEST_STEP][PASSED] - openBrowser(""): Browser is opened with url: ''

2023-04-17 21:03:50 - [MESSAGE][INFO] - Starting 'Chrome' driver

2023-04-17 21:03:50 - [MESSAGE][INFO] - Action delay is set to 0 milliseconds

2023-04-17 21:03:53 - [MESSAGE][PASSED] - Browser is opened with url: ''

2023-04-17 21:03:53 - [TEST_STEP][PASSED] - navigateToUrl("https://lightning.app.solverglobal.com/"): Navigate to 'https://lightning.app.solverglobal.com/' successfully

2023-04-17 21:03:54 - [MESSAGE][PASSED] - Navigate to 'https://lightning.app.solverglobal.com/' successfully

2023-04-17 21:03:54 - [TEST_STEP][PASSED] - setText(findTestObject("Object Repository/Page_Solver/input_Email_email"), "mkim@solverglobal.com"): Text 'mkim@solverglobal.com' is set on object 'Object Repository/Page_Solver/input_Email_email'

2023-04-17 21:03:56 - [MESSAGE][PASSED] - Text 'mkim@solverglobal.com' is set on object 'Object Repository/Page_Solver/input_Email_email'

2023-04-17 21:03:56 - [TEST_STEP][PASSED] - click(findTestObject("Object Repository/Page_Solver/button_Next")): Object: 'Object Repository/Page_Solver/button_Next' is clicked on

2023-04-17 21:03:57 - [MESSAGE][PASSED] - Object: 'Object Repository/Page_Solver/button_Next' is clicked on

2023-04-17 21:03:57 - [TEST_STEP][PASSED] - setEncryptedText(findTestObject("Object Repository/Page_Solver/input_Password_model.Password"), "nBAqZCBhT5nQHzNSyI4ifQ=="): Text ****** has been set on object 'Object Repository/Page_Solver/input_Password_model.Password'

2023-04-17 21:03:57 - [MESSAGE][PASSED] - Text ****** has been set on object 'Object Repository/Page_Solver/input_Password_model.Password'

2023-04-17 21:03:58 - [TEST_STEP][PASSED] - takeScreenshotAsCheckpoint("homepage"): Taking screenshot successfully

2023-04-17 21:03:58 - [MESSAGE][INFO] - 0 hidden object(s)

2023-04-17 21:03:58 - [MESSAGE][PASSED] - Taking screenshot successfully
[[ATTACHMENT|keyes\keyes-homepage.png]]]]></system-out>
         <system-err><![CDATA[]]></system-err>
      </testcase>
      <system-out><![CDATA[2023-04-17 21:03:49 - [TEST_SUITE][PASSED] - new: Test Cases/screenshotpls]]></system-out>
      <system-err><![CDATA[]]></system-err>
   </testsuite>
</testsuites>
